01/08/23 04:50:32 ******************************************************
01/08/23 04:50:32 ** condor_scheduniv_exec.807.0 (CONDOR_DAGMAN) STARTING UP
01/08/23 04:50:32 ** /usr/bin/condor_dagman
01/08/23 04:50:32 ** SubsystemInfo: name=DAGMAN type=DAGMAN(9) class=CLIENT(2)
01/08/23 04:50:32 ** Configuration: subsystem:DAGMAN local:<NONE> class:CLIENT
01/08/23 04:50:32 ** $CondorVersion: 9.12.0 2022-10-05 BuildID: 608474 PackageID: 9.12.0-1.1 $
01/08/23 04:50:32 ** $CondorPlatform: X86_64-Ubuntu_20.04 $
01/08/23 04:50:32 ** PID = 6479
01/08/23 04:50:32 ** Log last touched time unavailable (No such file or directory)
01/08/23 04:50:32 ******************************************************
01/08/23 04:50:32 Using config source: /etc/condor/condor_config
01/08/23 04:50:32 Using local config sources: 
01/08/23 04:50:32    /etc/condor/config.d/01-submit.config
01/08/23 04:50:32    /etc/condor/condor_config.local
01/08/23 04:50:32 config Macros = 75, Sorted = 75, StringBytes = 2071, TablesBytes = 2748
01/08/23 04:50:32 CLASSAD_CACHING is ENABLED
01/08/23 04:50:32 Daemon Log is logging: D_ALWAYS D_ERROR D_STATUS
01/08/23 04:50:32 DaemonCore: No command port requested.
01/08/23 04:50:32 DAGMAN_USE_STRICT setting: 1
01/08/23 04:50:32 DAGMAN_VERBOSITY setting: 3
01/08/23 04:50:32 DAGMAN_DEBUG_CACHE_SIZE setting: 5242880
01/08/23 04:50:32 DAGMAN_DEBUG_CACHE_ENABLE setting: False
01/08/23 04:50:32 DAGMAN_SUBMIT_DELAY setting: 0
01/08/23 04:50:32 DAGMAN_MAX_SUBMIT_ATTEMPTS setting: 6
01/08/23 04:50:32 DAGMAN_STARTUP_CYCLE_DETECT setting: False
01/08/23 04:50:32 DAGMAN_MAX_SUBMITS_PER_INTERVAL setting: 100
01/08/23 04:50:32 DAGMAN_AGGRESSIVE_SUBMIT setting: False
01/08/23 04:50:32 DAGMAN_USER_LOG_SCAN_INTERVAL setting: 5
01/08/23 04:50:32 DAGMAN_QUEUE_UPDATE_INTERVAL setting: 300
01/08/23 04:50:32 DAGMAN_DEFAULT_PRIORITY setting: 0
01/08/23 04:50:32 DAGMAN_SUPPRESS_NOTIFICATION setting: True
01/08/23 04:50:32 allow_events (DAGMAN_ALLOW_EVENTS) setting: 114
01/08/23 04:50:32 DAGMAN_RETRY_SUBMIT_FIRST setting: True
01/08/23 04:50:32 DAGMAN_RETRY_NODE_FIRST setting: False
01/08/23 04:50:32 DAGMAN_MAX_JOBS_IDLE setting: 1000
01/08/23 04:50:32 DAGMAN_MAX_JOBS_SUBMITTED setting: 0
01/08/23 04:50:32 DAGMAN_MAX_PRE_SCRIPTS setting: 20
01/08/23 04:50:32 DAGMAN_MAX_POST_SCRIPTS setting: 20
01/08/23 04:50:32 DAGMAN_MAX_HOLD_SCRIPTS setting: 20
01/08/23 04:50:32 DAGMAN_MUNGE_NODE_NAMES setting: True
01/08/23 04:50:32 DAGMAN_PROHIBIT_MULTI_JOBS setting: False
01/08/23 04:50:32 DAGMAN_SUBMIT_DEPTH_FIRST setting: False
01/08/23 04:50:32 DAGMAN_ALWAYS_RUN_POST setting: False
01/08/23 04:50:32 DAGMAN_CONDOR_SUBMIT_EXE setting: /usr/bin/condor_submit
01/08/23 04:50:32 DAGMAN_USE_DIRECT_SUBMIT setting: True
01/08/23 04:50:32 DAGMAN_DEFAULT_APPEND_VARS setting: False
01/08/23 04:50:32 DAGMAN_ABORT_DUPLICATES setting: True
01/08/23 04:50:32 DAGMAN_ABORT_ON_SCARY_SUBMIT setting: True
01/08/23 04:50:32 DAGMAN_PENDING_REPORT_INTERVAL setting: 600
01/08/23 04:50:32 DAGMAN_AUTO_RESCUE setting: True
01/08/23 04:50:32 DAGMAN_MAX_RESCUE_NUM setting: 100
01/08/23 04:50:32 DAGMAN_WRITE_PARTIAL_RESCUE setting: True
01/08/23 04:50:32 DAGMAN_DEFAULT_NODE_LOG setting: @(DAG_DIR)/@(DAG_FILE).nodes.log
01/08/23 04:50:32 DAGMAN_GENERATE_SUBDAG_SUBMITS setting: True
01/08/23 04:50:32 DAGMAN_MAX_JOB_HOLDS setting: 100
01/08/23 04:50:32 DAGMAN_HOLD_CLAIM_TIME setting: 20
01/08/23 04:50:32 ALL_DEBUG setting: 
01/08/23 04:50:32 DAGMAN_DEBUG setting: 
01/08/23 04:50:32 DAGMAN_SUPPRESS_JOB_LOGS setting: False
01/08/23 04:50:32 DAGMAN_REMOVE_NODE_JOBS setting: True
01/08/23 04:50:32 DAGMAN will adjust edges after parsing
01/08/23 04:50:32 argv[0] == "condor_scheduniv_exec.807.0"
01/08/23 04:50:32 argv[1] == "-Lockfile"
01/08/23 04:50:32 argv[2] == "/home/ubuntu/src/runs/ML_125031_053754_20230108/dagfile.dag.lock"
01/08/23 04:50:32 argv[3] == "-AutoRescue"
01/08/23 04:50:32 argv[4] == "1"
01/08/23 04:50:32 argv[5] == "-DoRescueFrom"
01/08/23 04:50:32 argv[6] == "0"
01/08/23 04:50:32 argv[7] == "-Dag"
01/08/23 04:50:32 argv[8] == "/home/ubuntu/src/runs/ML_125031_053754_20230108/dagfile.dag"
01/08/23 04:50:32 argv[9] == "-Suppress_notification"
01/08/23 04:50:32 argv[10] == "-CsdVersion"
01/08/23 04:50:32 argv[11] == "$CondorVersion: 9.1.3 Aug 19 2021 BuildID: UW_Python_Wheel_Build $"
01/08/23 04:50:32 argv[12] == "-Dagman"
01/08/23 04:50:32 argv[13] == "/usr/bin/condor_dagman"
01/08/23 04:50:32 Can't open directory "/etc/condor/passwords.d" as PRIV_ROOT, errno: 13 (Permission denied)
01/08/23 04:50:32 Can't open directory "/etc/condor/passwords.d" as PRIV_ROOT, errno: 13 (Permission denied)
01/08/23 04:50:32 TOKEN: No token found.
01/08/23 04:50:32 Workflow batch-id: <807.0>
01/08/23 04:50:32 Workflow batch-name: <dagfile.dag+807>
01/08/23 04:50:32 Workflow accounting_group: <>
01/08/23 04:50:32 Workflow accounting_group_user: <>
01/08/23 04:50:32 Warning: failed to get attribute DAGNodeName
01/08/23 04:50:32 DAGMAN_LOG_ON_NFS_IS_ERROR setting: False
01/08/23 04:50:32 Default node log file is: </home/ubuntu/src/runs/ML_125031_053754_20230108/dagfile.dag.nodes.log>
01/08/23 04:50:32 Note: the version ($CondorVersion: 9.1.3 Aug 19 2021 BuildID: UW_Python_Wheel_Build $) of this DAG's HTCondor submit file (created by condor_submit_dag) differs from condor_dagman version ($CondorVersion: 9.12.0 2022-10-05 BuildID: 608474 PackageID: 9.12.0-1.1 $), but the difference is permissible
01/08/23 04:50:32 DAG Lockfile will be written to /home/ubuntu/src/runs/ML_125031_053754_20230108/dagfile.dag.lock
01/08/23 04:50:32 DAG Input file is /home/ubuntu/src/runs/ML_125031_053754_20230108/dagfile.dag
01/08/23 04:50:32 Parsing 1 dagfiles
01/08/23 04:50:32 Parsing /home/ubuntu/src/runs/ML_125031_053754_20230108/dagfile.dag ...
01/08/23 04:50:32 Adjusting edges
01/08/23 04:50:32 Dag contains 9 total jobs
01/08/23 04:50:32 Bootstrapping...
01/08/23 04:50:32 Number of pre-completed nodes: 0
01/08/23 04:50:32 MultiLogFiles: truncating log file /home/ubuntu/src/runs/ML_125031_053754_20230108/dagfile.dag.nodes.log
01/08/23 04:50:32 DAG status: 0 (DAG_STATUS_OK)
01/08/23 04:50:32 Of 9 nodes total:
01/08/23 04:50:32  Done     Pre   Queued    Post   Ready   Un-Ready   Failed
01/08/23 04:50:32   ===     ===      ===     ===     ===        ===      ===
01/08/23 04:50:32     0       0        0       0       1          8        0
01/08/23 04:50:32 0 job proc(s) currently held
01/08/23 04:50:32 DAGMan Runtime Statistics: [ EventCycleTimeCount = 0.0; EventCycleTimeSum = 0.0; LogProcessCycleTimeCount = 0.0; LogProcessCycleTimeSum = 0.0; SleepCycleTimeCount = 0.0; SleepCycleTimeSum = 0.0; SubmitCycleTimeCount = 0.0; SubmitCycleTimeSum = 0.0; ]
01/08/23 04:50:32 Registering condor_event_timer...
01/08/23 04:50:33 Submitting HTCondor Node get_data_and_split:0 job(s)...
01/08/23 04:50:33 Submitting node get_data_and_split:0 from file get_data_and_split.sub using direct job submission
01/08/23 04:50:33 	assigned HTCondor ID (809.0.0)
01/08/23 04:50:33 Just submitted 1 job this cycle...
01/08/23 04:50:33 DAG status: 0 (DAG_STATUS_OK)
01/08/23 04:50:33 Of 9 nodes total:
01/08/23 04:50:33  Done     Pre   Queued    Post   Ready   Un-Ready   Failed
01/08/23 04:50:33   ===     ===      ===     ===     ===        ===      ===
01/08/23 04:50:33     0       0        1       0       0          8        0
01/08/23 04:50:33 0 job proc(s) currently held
01/08/23 04:50:33 DAGMan Runtime Statistics: [ EventCycleTimeCount = 0.0; EventCycleTimeSum = 0.0; LogProcessCycleTimeCount = 0.0; LogProcessCycleTimeSum = 0.0; SleepCycleTimeCount = 0.0; SleepCycleTimeSum = 0.0; SubmitCycleTimeAvg = 0.01570010185241699; SubmitCycleTimeCount = 1.0; SubmitCycleTimeMax = 0.01570010185241699; SubmitCycleTimeMin = 0.01570010185241699; SubmitCycleTimeStd = 0.01570010185241699; SubmitCycleTimeSum = 0.01570010185241699; ]
01/08/23 04:50:38 Currently monitoring 1 HTCondor log file(s)
01/08/23 04:50:38 Reassigning the id of job get_data_and_split:0 from (809.0.0) to (809.0.0)
01/08/23 04:50:38 Event: ULOG_SUBMIT for HTCondor Node get_data_and_split:0 (809.0.0) {01/08/23 04:50:33}
01/08/23 04:50:38 Number of idle job procs: 1
01/08/23 04:50:48 Currently monitoring 1 HTCondor log file(s)
01/08/23 04:50:48 Event: ULOG_EXECUTE for HTCondor Node get_data_and_split:0 (809.0.0) {01/08/23 04:50:47}
01/08/23 04:50:48 Number of idle job procs: 0
01/08/23 04:50:53 Currently monitoring 1 HTCondor log file(s)
01/08/23 04:50:53 Event: ULOG_JOB_TERMINATED for HTCondor Node get_data_and_split:0 (809.0.0) {01/08/23 04:50:48}
01/08/23 04:50:53 Number of idle job procs: 0
01/08/23 04:50:53 Node get_data_and_split:0 job proc (809.0.0) completed successfully.
01/08/23 04:50:53 Node get_data_and_split:0 job completed
01/08/23 04:50:53 DAG status: 0 (DAG_STATUS_OK)
01/08/23 04:50:53 Of 9 nodes total:
01/08/23 04:50:53  Done     Pre   Queued    Post   Ready   Un-Ready   Failed
01/08/23 04:50:53   ===     ===      ===     ===     ===        ===      ===
01/08/23 04:50:53     1       0        0       0       3          5        0
01/08/23 04:50:53 0 job proc(s) currently held
01/08/23 04:50:53 DAGMan Runtime Statistics: [ EventCycleTimeAvg = 0.004173457622528076; EventCycleTimeCount = 4.0; EventCycleTimeMax = 0.01581907272338867; EventCycleTimeMin = 2.384185791015625E-05; EventCycleTimeStd = 0.007769191084366893; EventCycleTimeSum = 0.0166938304901123; LogProcessCycleTimeAvg = 0.0003473758697509766; LogProcessCycleTimeCount = 3.0; LogProcessCycleTimeMax = 0.00067901611328125; LogProcessCycleTimeMin = 0.0001389980316162109; LogProcessCycleTimeStd = 0.0002903447908422193; LogProcessCycleTimeSum = 0.00104212760925293; SleepCycleTimeAvg = 5.005160272121429; SleepCycleTimeCount = 4.0; SleepCycleTimeMax = 5.005256175994873; SleepCycleTimeMin = 5.005095958709717; SleepCycleTimeStd = 6.790435012864173E-05; SleepCycleTimeSum = 20.02064108848572; SubmitCycleTimeAvg = 0.003148651123046875; SubmitCycleTimeCount = 5.0; SubmitCycleTimeMax = 0.01570010185241699; SubmitCycleTimeMin = 7.867813110351562E-06; SubmitCycleTimeStd = 0.007016474691912584; SubmitCycleTimeSum = 0.01574325561523438; ]
01/08/23 04:50:58 Submitting HTCondor Node train_it:0 job(s)...
01/08/23 04:50:58 Submitting node train_it:0 from file train_it.sub using direct job submission
01/08/23 04:50:58 	assigned HTCondor ID (810.0.0)
01/08/23 04:50:58 Submitting HTCondor Node train_it:1 job(s)...
01/08/23 04:50:58 Submitting node train_it:1 from file train_it.sub using direct job submission
01/08/23 04:50:58 	assigned HTCondor ID (812.0.0)
01/08/23 04:50:58 Submitting HTCondor Node train_it:2 job(s)...
01/08/23 04:50:58 Submitting node train_it:2 from file train_it.sub using direct job submission
01/08/23 04:50:58 	assigned HTCondor ID (813.0.0)
01/08/23 04:50:58 Just submitted 3 jobs this cycle...
01/08/23 04:50:58 DAG status: 0 (DAG_STATUS_OK)
01/08/23 04:50:58 Of 9 nodes total:
01/08/23 04:50:58  Done     Pre   Queued    Post   Ready   Un-Ready   Failed
01/08/23 04:50:58   ===     ===      ===     ===     ===        ===      ===
01/08/23 04:50:58     1       0        3       0       0          5        0
01/08/23 04:50:58 0 job proc(s) currently held
01/08/23 04:50:58 DAGMan Runtime Statistics: [ EventCycleTimeAvg = 0.003418970108032227; EventCycleTimeCount = 5.0; EventCycleTimeMax = 0.01581907272338867; EventCycleTimeMin = 2.384185791015625E-05; EventCycleTimeStd = 0.006936606131726461; EventCycleTimeSum = 0.01709485054016113; LogProcessCycleTimeAvg = 0.0003473758697509766; LogProcessCycleTimeCount = 3.0; LogProcessCycleTimeMax = 0.00067901611328125; LogProcessCycleTimeMin = 0.0001389980316162109; LogProcessCycleTimeStd = 0.0002903447908422193; LogProcessCycleTimeSum = 0.00104212760925293; SleepCycleTimeAvg = 5.005158853530884; SleepCycleTimeCount = 5.0; SleepCycleTimeMax = 5.005256175994873; SleepCycleTimeMin = 5.005095958709717; SleepCycleTimeStd = 5.889237522747098E-05; SleepCycleTimeSum = 25.02579426765442; SubmitCycleTimeAvg = 0.01232620080312093; SubmitCycleTimeCount = 6.0; SubmitCycleTimeMax = 0.05821394920349121; SubmitCycleTimeMin = 7.867813110351562E-06; SubmitCycleTimeStd = 0.02333986380558302; SubmitCycleTimeSum = 0.07395720481872559; ]
01/08/23 04:51:03 Currently monitoring 1 HTCondor log file(s)
01/08/23 04:51:03 Reassigning the id of job train_it:0 from (810.0.0) to (810.0.0)
01/08/23 04:51:03 Event: ULOG_SUBMIT for HTCondor Node train_it:0 (810.0.0) {01/08/23 04:50:58}
01/08/23 04:51:03 Number of idle job procs: 1
01/08/23 04:51:03 Reassigning the id of job train_it:1 from (812.0.0) to (812.0.0)
01/08/23 04:51:03 Event: ULOG_SUBMIT for HTCondor Node train_it:1 (812.0.0) {01/08/23 04:50:58}
01/08/23 04:51:03 Number of idle job procs: 2
01/08/23 04:51:03 Reassigning the id of job train_it:2 from (813.0.0) to (813.0.0)
01/08/23 04:51:03 Event: ULOG_SUBMIT for HTCondor Node train_it:2 (813.0.0) {01/08/23 04:50:58}
01/08/23 04:51:03 Number of idle job procs: 3
01/08/23 04:51:03 Event: ULOG_EXECUTE for HTCondor Node train_it:0 (810.0.0) {01/08/23 04:50:59}
01/08/23 04:51:03 Number of idle job procs: 2
01/08/23 04:51:03 Event: ULOG_JOB_TERMINATED for HTCondor Node train_it:0 (810.0.0) {01/08/23 04:51:00}
01/08/23 04:51:03 Number of idle job procs: 2
01/08/23 04:51:03 Node train_it:0 job proc (810.0.0) completed successfully.
01/08/23 04:51:03 Node train_it:0 job completed
01/08/23 04:51:03 Event: ULOG_EXECUTE for HTCondor Node train_it:1 (812.0.0) {01/08/23 04:51:01}
01/08/23 04:51:03 Number of idle job procs: 1
01/08/23 04:51:03 Event: ULOG_EXECUTE for HTCondor Node train_it:2 (813.0.0) {01/08/23 04:51:01}
01/08/23 04:51:03 Number of idle job procs: 0
01/08/23 04:51:03 Event: ULOG_JOB_TERMINATED for HTCondor Node train_it:1 (812.0.0) {01/08/23 04:51:03}
01/08/23 04:51:03 Number of idle job procs: 0
01/08/23 04:51:03 Node train_it:1 job proc (812.0.0) completed successfully.
01/08/23 04:51:03 Node train_it:1 job completed
01/08/23 04:51:03 Event: ULOG_JOB_TERMINATED for HTCondor Node train_it:2 (813.0.0) {01/08/23 04:51:03}
01/08/23 04:51:03 Number of idle job procs: 0
01/08/23 04:51:03 Node train_it:2 job proc (813.0.0) completed successfully.
01/08/23 04:51:03 Node train_it:2 job completed
01/08/23 04:51:03 DAG status: 0 (DAG_STATUS_OK)
01/08/23 04:51:03 Of 9 nodes total:
01/08/23 04:51:03  Done     Pre   Queued    Post   Ready   Un-Ready   Failed
01/08/23 04:51:03   ===     ===      ===     ===     ===        ===      ===
01/08/23 04:51:03     4       0        0       0       1          4        0
01/08/23 04:51:03 0 job proc(s) currently held
01/08/23 04:51:03 DAGMan Runtime Statistics: [ EventCycleTimeAvg = 0.01257896423339844; EventCycleTimeCount = 6.0; EventCycleTimeMax = 0.05837893486022949; EventCycleTimeMin = 2.384185791015625E-05; EventCycleTimeStd = 0.02327930750606266; EventCycleTimeSum = 0.07547378540039062; LogProcessCycleTimeAvg = 0.0004050731658935547; LogProcessCycleTimeCount = 4.0; LogProcessCycleTimeMax = 0.00067901611328125; LogProcessCycleTimeMin = 0.0001389980316162109; LogProcessCycleTimeStd = 0.0002636588268478771; LogProcessCycleTimeSum = 0.001620292663574219; SleepCycleTimeAvg = 5.00516136487325; SleepCycleTimeCount = 6.0; SleepCycleTimeMax = 5.005256175994873; SleepCycleTimeMin = 5.005095958709717; SleepCycleTimeStd = 5.30329425362498E-05; SleepCycleTimeSum = 30.0309681892395; SubmitCycleTimeAvg = 0.01056701796395438; SubmitCycleTimeCount = 7.0; SubmitCycleTimeMax = 0.05821394920349121; SubmitCycleTimeMin = 7.867813110351562E-06; SubmitCycleTimeStd = 0.02180873155146726; SubmitCycleTimeSum = 0.07396912574768066; ]
01/08/23 04:51:08 Submitting HTCondor Node __JOIN__:0 job(s)...
01/08/23 04:51:08 	assigned HTCondor ID (0.2147483647.1)
01/08/23 04:51:08 Just submitted 1 job this cycle...
01/08/23 04:51:08 DAG status: 0 (DAG_STATUS_OK)
01/08/23 04:51:08 Of 9 nodes total:
01/08/23 04:51:08  Done     Pre   Queued    Post   Ready   Un-Ready   Failed
01/08/23 04:51:08   ===     ===      ===     ===     ===        ===      ===
01/08/23 04:51:08     4       0        1       0       0          4        0
01/08/23 04:51:08 0 job proc(s) currently held
01/08/23 04:51:08 DAGMan Runtime Statistics: [ EventCycleTimeAvg = 0.0108846936907087; EventCycleTimeCount = 7.0; EventCycleTimeMax = 0.05837893486022949; EventCycleTimeMin = 2.384185791015625E-05; EventCycleTimeStd = 0.02171863256141227; EventCycleTimeSum = 0.07619285583496094; LogProcessCycleTimeAvg = 0.0004050731658935547; LogProcessCycleTimeCount = 4.0; LogProcessCycleTimeMax = 0.00067901611328125; LogProcessCycleTimeMin = 0.0001389980316162109; LogProcessCycleTimeStd = 0.0002636588268478771; LogProcessCycleTimeSum = 0.001620292663574219; SleepCycleTimeAvg = 5.005111149379185; SleepCycleTimeCount = 7.0; SleepCycleTimeMax = 5.005256175994873; SleepCycleTimeMin = 5.004809856414795; SleepCycleTimeStd = 0.0001414033739654729; SleepCycleTimeSum = 35.0357780456543; SubmitCycleTimeAvg = 0.01049813628196716; SubmitCycleTimeCount = 8.0; SubmitCycleTimeMax = 0.05821394920349121; SubmitCycleTimeMin = 7.867813110351562E-06; SubmitCycleTimeStd = 0.02019190196138092; SubmitCycleTimeSum = 0.0839850902557373; ]
01/08/23 04:51:13 Currently monitoring 1 HTCondor log file(s)
01/08/23 04:51:13 Reassigning the id of job __JOIN__:0 from (0.2147483647.1) to (0.2147483647.1)
01/08/23 04:51:13 Event: ULOG_SUBMIT for HTCondor Node __JOIN__:0 (0.2147483647.1) {01/08/23 04:51:08}
01/08/23 04:51:13 Number of idle job procs: 1
01/08/23 04:51:13 Event: ULOG_JOB_TERMINATED for HTCondor Node __JOIN__:0 (0.2147483647.1) {01/08/23 04:51:08}
01/08/23 04:51:13 Number of idle job procs: 0
01/08/23 04:51:13 Node __JOIN__:0 job proc (0.2147483647.1) completed successfully.
01/08/23 04:51:13 Node __JOIN__:0 job completed
01/08/23 04:51:13 DAG status: 0 (DAG_STATUS_OK)
01/08/23 04:51:13 Of 9 nodes total:
01/08/23 04:51:13  Done     Pre   Queued    Post   Ready   Un-Ready   Failed
01/08/23 04:51:13   ===     ===      ===     ===     ===        ===      ===
01/08/23 04:51:13     5       0        0       0       3          1        0
01/08/23 04:51:13 0 job proc(s) currently held
01/08/23 04:51:13 DAGMan Runtime Statistics: [ EventCycleTimeAvg = 0.01079699397087097; EventCycleTimeCount = 8.0; EventCycleTimeMax = 0.05837893486022949; EventCycleTimeMin = 2.384185791015625E-05; EventCycleTimeStd = 0.02010907652747159; EventCycleTimeSum = 0.08637595176696777; LogProcessCycleTimeAvg = 0.0003722190856933594; LogProcessCycleTimeCount = 5.0; LogProcessCycleTimeMax = 0.00067901611328125; LogProcessCycleTimeMin = 0.0001389980316162109; LogProcessCycleTimeStd = 0.0002398623264710476; LogProcessCycleTimeSum = 0.001861095428466797; SleepCycleTimeAvg = 5.004704385995865; SleepCycleTimeCount = 8.0; SleepCycleTimeMax = 5.005256175994873; SleepCycleTimeMin = 5.001857042312622; SleepCycleTimeStd = 0.001157924910508484; SleepCycleTimeSum = 40.03763508796692; SubmitCycleTimeAvg = 0.009332444932725694; SubmitCycleTimeCount = 9.0; SubmitCycleTimeMax = 0.05821394920349121; SubmitCycleTimeMin = 6.914138793945312E-06; SubmitCycleTimeStd = 0.01920880835999552; SubmitCycleTimeSum = 0.08399200439453125; ]
01/08/23 04:51:18 Submitting HTCondor Node test_it:0 job(s)...
01/08/23 04:51:18 Submitting node test_it:0 from file test_it.sub using direct job submission
01/08/23 04:51:18 	assigned HTCondor ID (816.0.0)
01/08/23 04:51:18 Submitting HTCondor Node test_it:1 job(s)...
01/08/23 04:51:18 Submitting node test_it:1 from file test_it.sub using direct job submission
01/08/23 04:51:18 	assigned HTCondor ID (817.0.0)
01/08/23 04:51:18 Submitting HTCondor Node test_it:2 job(s)...
01/08/23 04:51:18 Submitting node test_it:2 from file test_it.sub using direct job submission
01/08/23 04:51:18 	assigned HTCondor ID (818.0.0)
01/08/23 04:51:18 Just submitted 3 jobs this cycle...
01/08/23 04:51:18 DAG status: 0 (DAG_STATUS_OK)
01/08/23 04:51:18 Of 9 nodes total:
01/08/23 04:51:18  Done     Pre   Queued    Post   Ready   Un-Ready   Failed
01/08/23 04:51:18   ===     ===      ===     ===     ===        ===      ===
01/08/23 04:51:18     5       0        3       0       0          1        0
01/08/23 04:51:18 0 job proc(s) currently held
01/08/23 04:51:18 DAGMan Runtime Statistics: [ EventCycleTimeAvg = 0.009641435411241319; EventCycleTimeCount = 9.0; EventCycleTimeMax = 0.05837893486022949; EventCycleTimeMin = 2.384185791015625E-05; EventCycleTimeStd = 0.01912709934103563; EventCycleTimeSum = 0.08677291870117188; LogProcessCycleTimeAvg = 0.0003722190856933594; LogProcessCycleTimeCount = 5.0; LogProcessCycleTimeMax = 0.00067901611328125; LogProcessCycleTimeMin = 0.0001389980316162109; LogProcessCycleTimeStd = 0.0002398623264710476; LogProcessCycleTimeSum = 0.001861095428466797; SleepCycleTimeAvg = 5.004754781723022; SleepCycleTimeCount = 9.0; SleepCycleTimeMax = 5.005256175994873; SleepCycleTimeMin = 5.001857042312622; SleepCycleTimeStd = 0.001093640205475538; SleepCycleTimeSum = 45.0427930355072; SubmitCycleTimeAvg = 0.01152119636535645; SubmitCycleTimeCount = 10.0; SubmitCycleTimeMax = 0.05821394920349121; SubmitCycleTimeMin = 6.914138793945312E-06; SubmitCycleTimeStd = 0.01938780688970993; SubmitCycleTimeSum = 0.1152119636535645; ]
01/08/23 04:51:23 Currently monitoring 1 HTCondor log file(s)
01/08/23 04:51:23 Reassigning the id of job test_it:0 from (816.0.0) to (816.0.0)
01/08/23 04:51:23 Event: ULOG_SUBMIT for HTCondor Node test_it:0 (816.0.0) {01/08/23 04:51:18}
01/08/23 04:51:23 Number of idle job procs: 1
01/08/23 04:51:23 Reassigning the id of job test_it:1 from (817.0.0) to (817.0.0)
01/08/23 04:51:23 Event: ULOG_SUBMIT for HTCondor Node test_it:1 (817.0.0) {01/08/23 04:51:18}
01/08/23 04:51:23 Number of idle job procs: 2
01/08/23 04:51:23 Reassigning the id of job test_it:2 from (818.0.0) to (818.0.0)
01/08/23 04:51:23 Event: ULOG_SUBMIT for HTCondor Node test_it:2 (818.0.0) {01/08/23 04:51:18}
01/08/23 04:51:23 Number of idle job procs: 3
01/08/23 04:51:28 Currently monitoring 1 HTCondor log file(s)
01/08/23 04:51:28 Event: ULOG_EXECUTE for HTCondor Node test_it:0 (816.0.0) {01/08/23 04:51:27}
01/08/23 04:51:28 Number of idle job procs: 2
01/08/23 04:51:28 Event: ULOG_EXECUTE for HTCondor Node test_it:2 (818.0.0) {01/08/23 04:51:27}
01/08/23 04:51:28 Number of idle job procs: 1
01/08/23 04:51:28 Event: ULOG_EXECUTE for HTCondor Node test_it:1 (817.0.0) {01/08/23 04:51:27}
01/08/23 04:51:28 Number of idle job procs: 0
01/08/23 04:51:33 Currently monitoring 1 HTCondor log file(s)
01/08/23 04:51:33 Event: ULOG_JOB_TERMINATED for HTCondor Node test_it:2 (818.0.0) {01/08/23 04:51:28}
01/08/23 04:51:33 Number of idle job procs: 0
01/08/23 04:51:33 Node test_it:2 job proc (818.0.0) completed successfully.
01/08/23 04:51:33 Node test_it:2 job completed
01/08/23 04:51:33 Event: ULOG_JOB_TERMINATED for HTCondor Node test_it:0 (816.0.0) {01/08/23 04:51:28}
01/08/23 04:51:33 Number of idle job procs: 0
01/08/23 04:51:33 Node test_it:0 job proc (816.0.0) completed successfully.
01/08/23 04:51:33 Node test_it:0 job completed
01/08/23 04:51:33 Event: ULOG_JOB_TERMINATED for HTCondor Node test_it:1 (817.0.0) {01/08/23 04:51:28}
01/08/23 04:51:33 Number of idle job procs: 0
01/08/23 04:51:33 Node test_it:1 job proc (817.0.0) completed successfully.
01/08/23 04:51:33 Node test_it:1 job completed
01/08/23 04:51:33 DAG status: 0 (DAG_STATUS_OK)
01/08/23 04:51:33 Of 9 nodes total:
01/08/23 04:51:33  Done     Pre   Queued    Post   Ready   Un-Ready   Failed
01/08/23 04:51:33   ===     ===      ===     ===     ===        ===      ===
01/08/23 04:51:33     8       0        0       0       1          0        0
01/08/23 04:51:33 0 job proc(s) currently held
01/08/23 04:51:33 DAGMan Runtime Statistics: [ EventCycleTimeAvg = 0.009994268417358398; EventCycleTimeCount = 12.0; EventCycleTimeMax = 0.05837893486022949; EventCycleTimeMin = 2.384185791015625E-05; EventCycleTimeStd = 0.01797190906208142; EventCycleTimeSum = 0.1199312210083008; LogProcessCycleTimeAvg = 0.0004973709583282471; LogProcessCycleTimeCount = 8.0; LogProcessCycleTimeMax = 0.001509904861450195; LogProcessCycleTimeMin = 0.0001389980316162109; LogProcessCycleTimeStd = 0.0004519307103197251; LogProcessCycleTimeSum = 0.003978967666625977; SleepCycleTimeAvg = 5.004873315493266; SleepCycleTimeCount = 12.0; SleepCycleTimeMax = 5.005384922027588; SleepCycleTimeMin = 5.001857042312622; SleepCycleTimeStd = 0.0009587282921358657; SleepCycleTimeSum = 60.05847978591919; SubmitCycleTimeAvg = 0.008865778262798604; SubmitCycleTimeCount = 13.0; SubmitCycleTimeMax = 0.05821394920349121; SubmitCycleTimeMin = 6.914138793945312E-06; SubmitCycleTimeStd = 0.01753220243702555; SubmitCycleTimeSum = 0.1152551174163818; ]
01/08/23 04:51:38 Submitting HTCondor Node should_i_update:0 job(s)...
01/08/23 04:51:38 Submitting node should_i_update:0 from file should_i_update.sub using direct job submission
01/08/23 04:51:38 	assigned HTCondor ID (819.0.0)
01/08/23 04:51:38 Just submitted 1 job this cycle...
01/08/23 04:51:38 DAG status: 0 (DAG_STATUS_OK)
01/08/23 04:51:38 Of 9 nodes total:
01/08/23 04:51:38  Done     Pre   Queued    Post   Ready   Un-Ready   Failed
01/08/23 04:51:38   ===     ===      ===     ===     ===        ===      ===
01/08/23 04:51:38     8       0        1       0       0          0        0
01/08/23 04:51:38 0 job proc(s) currently held
01/08/23 04:51:38 DAGMan Runtime Statistics: [ EventCycleTimeAvg = 0.009269934434157152; EventCycleTimeCount = 13.0; EventCycleTimeMax = 0.05837893486022949; EventCycleTimeMin = 2.384185791015625E-05; EventCycleTimeStd = 0.01740385873135447; EventCycleTimeSum = 0.120509147644043; LogProcessCycleTimeAvg = 0.0004973709583282471; LogProcessCycleTimeCount = 8.0; LogProcessCycleTimeMax = 0.001509904861450195; LogProcessCycleTimeMin = 0.0001389980316162109; LogProcessCycleTimeStd = 0.0004519307103197251; LogProcessCycleTimeSum = 0.003978967666625977; SleepCycleTimeAvg = 5.004894916827862; SleepCycleTimeCount = 13.0; SleepCycleTimeMax = 5.005384922027588; SleepCycleTimeMin = 5.001857042312622; SleepCycleTimeStd = 0.0009212107861937837; SleepCycleTimeSum = 65.06363391876221; SubmitCycleTimeAvg = 0.009148444448198591; SubmitCycleTimeCount = 14.0; SubmitCycleTimeMax = 0.05821394920349121; SubmitCycleTimeMin = 6.914138793945312E-06; SubmitCycleTimeStd = 0.01687756658290529; SubmitCycleTimeSum = 0.1280782222747803; ]
01/08/23 04:51:43 Currently monitoring 1 HTCondor log file(s)
01/08/23 04:51:43 Reassigning the id of job should_i_update:0 from (819.0.0) to (819.0.0)
01/08/23 04:51:43 Event: ULOG_SUBMIT for HTCondor Node should_i_update:0 (819.0.0) {01/08/23 04:51:38}
01/08/23 04:51:43 Number of idle job procs: 1
01/08/23 04:51:43 Event: ULOG_EXECUTE for HTCondor Node should_i_update:0 (819.0.0) {01/08/23 04:51:39}
01/08/23 04:51:43 Number of idle job procs: 0
01/08/23 04:51:43 Event: ULOG_JOB_TERMINATED for HTCondor Node should_i_update:0 (819.0.0) {01/08/23 04:51:40}
01/08/23 04:51:43 Number of idle job procs: 0
01/08/23 04:51:43 Node should_i_update:0 job proc (819.0.0) completed successfully.
01/08/23 04:51:43 Node should_i_update:0 job completed
01/08/23 04:51:43 DAG status: 0 (DAG_STATUS_OK)
01/08/23 04:51:43 Of 9 nodes total:
01/08/23 04:51:43  Done     Pre   Queued    Post   Ready   Un-Ready   Failed
01/08/23 04:51:43   ===     ===      ===     ===     ===        ===      ===
01/08/23 04:51:43     9       0        0       0       0          0        0
01/08/23 04:51:43 0 job proc(s) currently held
01/08/23 04:51:43 DAGMan Runtime Statistics: [ EventCycleTimeAvg = 0.009535295622689384; EventCycleTimeCount = 14.0; EventCycleTimeMax = 0.05837893486022949; EventCycleTimeMin = 2.384185791015625E-05; EventCycleTimeStd = 0.01675053936876784; EventCycleTimeSum = 0.1334941387176514; LogProcessCycleTimeAvg = 0.0004754331376817491; LogProcessCycleTimeCount = 9.0; LogProcessCycleTimeMax = 0.001509904861450195; LogProcessCycleTimeMin = 0.0001389980316162109; LogProcessCycleTimeStd = 0.000427834790352878; LogProcessCycleTimeSum = 0.004278898239135742; SleepCycleTimeAvg = 5.004914351872036; SleepCycleTimeCount = 14.0; SleepCycleTimeMax = 5.005384922027588; SleepCycleTimeMin = 5.001857042312622; SleepCycleTimeStd = 0.0008880530508481356; SleepCycleTimeSum = 70.0688009262085; SubmitCycleTimeAvg = 0.008539485931396484; SubmitCycleTimeCount = 15.0; SubmitCycleTimeMax = 0.05821394920349121; SubmitCycleTimeMin = 6.914138793945312E-06; SubmitCycleTimeStd = 0.01643374946060315; SubmitCycleTimeSum = 0.1280922889709473; ]
01/08/23 04:51:43 All jobs Completed!
01/08/23 04:51:43 Note: 0 total job deferrals because of -MaxJobs limit (0)
01/08/23 04:51:43 Note: 0 total job deferrals because of -MaxIdle limit (1000)
01/08/23 04:51:43 Note: 0 total job deferrals because of node category throttles
01/08/23 04:51:43 Note: 0 total PRE script deferrals because of -MaxPre limit (20) or DEFER
01/08/23 04:51:43 Note: 0 total POST script deferrals because of -MaxPost limit (20) or DEFER
01/08/23 04:51:43 Note: 0 total HOLD script deferrals because of -MaxHold limit (20) or DEFER
01/08/23 04:51:43 DAG status: 0 (DAG_STATUS_OK)
01/08/23 04:51:43 Of 9 nodes total:
01/08/23 04:51:43  Done     Pre   Queued    Post   Ready   Un-Ready   Failed
01/08/23 04:51:43   ===     ===      ===     ===     ===        ===      ===
01/08/23 04:51:43     9       0        0       0       0          0        0
01/08/23 04:51:43 0 job proc(s) currently held
01/08/23 04:51:43 DAGMan Runtime Statistics: [ EventCycleTimeAvg = 0.009535295622689384; EventCycleTimeCount = 14.0; EventCycleTimeMax = 0.05837893486022949; EventCycleTimeMin = 2.384185791015625E-05; EventCycleTimeStd = 0.01675053936876784; EventCycleTimeSum = 0.1334941387176514; LogProcessCycleTimeAvg = 0.0004754331376817491; LogProcessCycleTimeCount = 9.0; LogProcessCycleTimeMax = 0.001509904861450195; LogProcessCycleTimeMin = 0.0001389980316162109; LogProcessCycleTimeStd = 0.000427834790352878; LogProcessCycleTimeSum = 0.004278898239135742; SleepCycleTimeAvg = 5.004914351872036; SleepCycleTimeCount = 14.0; SleepCycleTimeMax = 5.005384922027588; SleepCycleTimeMin = 5.001857042312622; SleepCycleTimeStd = 0.0008880530508481356; SleepCycleTimeSum = 70.0688009262085; SubmitCycleTimeAvg = 0.008539485931396484; SubmitCycleTimeCount = 15.0; SubmitCycleTimeMax = 0.05821394920349121; SubmitCycleTimeMin = 6.914138793945312E-06; SubmitCycleTimeStd = 0.01643374946060315; SubmitCycleTimeSum = 0.1280922889709473; ]
01/08/23 04:51:43 Wrote metrics file /home/ubuntu/src/runs/ML_125031_053754_20230108/dagfile.dag.metrics.
01/08/23 04:51:43 DAGMan Runtime Statistics: [ EventCycleTimeAvg = 0.009535295622689384; EventCycleTimeCount = 14.0; EventCycleTimeMax = 0.05837893486022949; EventCycleTimeMin = 2.384185791015625E-05; EventCycleTimeStd = 0.01675053936876784; EventCycleTimeSum = 0.1334941387176514; LogProcessCycleTimeAvg = 0.0004754331376817491; LogProcessCycleTimeCount = 9.0; LogProcessCycleTimeMax = 0.001509904861450195; LogProcessCycleTimeMin = 0.0001389980316162109; LogProcessCycleTimeStd = 0.000427834790352878; LogProcessCycleTimeSum = 0.004278898239135742; SleepCycleTimeAvg = 5.004914351872036; SleepCycleTimeCount = 14.0; SleepCycleTimeMax = 5.005384922027588; SleepCycleTimeMin = 5.001857042312622; SleepCycleTimeStd = 0.0008880530508481356; SleepCycleTimeSum = 70.0688009262085; SubmitCycleTimeAvg = 0.008539485931396484; SubmitCycleTimeCount = 15.0; SubmitCycleTimeMax = 0.05821394920349121; SubmitCycleTimeMin = 6.914138793945312E-06; SubmitCycleTimeStd = 0.01643374946060315; SubmitCycleTimeSum = 0.1280922889709473; ]
01/08/23 04:51:43 **** condor_scheduniv_exec.807.0 (condor_DAGMAN) pid 6479 EXITING WITH STATUS 0
