000 (808.000.000) 2023-01-08 04:50:33 Job submitted from host: <172.31.2.92:9618?addrs=172.31.2.92-9618&alias=ip-172-31-2-92.ec2.internal&noUDP&sock=schedd_521_f0ee>
    DAG Node: data_preprocessing:0
...
001 (808.000.000) 2023-01-08 04:50:47 Job executing on host: <172.31.11.242:9618?addrs=172.31.11.242-9618&alias=ip-172-31-11-242.ec2.internal&noUDP&sock=startd_516_82f5>
...
005 (808.000.000) 2023-01-08 04:50:48 Job terminated.
	(1) Normal termination (return value 0)
		Usr 0 00:00:00, Sys 0 00:00:00  -  Run Remote Usage
		Usr 0 00:00:00, Sys 0 00:00:00  -  Run Local Usage
		Usr 0 00:00:00, Sys 0 00:00:00  -  Total Remote Usage
		Usr 0 00:00:00, Sys 0 00:00:00  -  Total Local Usage
	3923  -  Run Bytes Sent By Job
	2928  -  Run Bytes Received By Job
	3923  -  Total Bytes Sent By Job
	2928  -  Total Bytes Received By Job
	Partitionable Resources :    Usage  Request Allocated 
	   Cpus                 :                 1         1 
	   Disk (KB)            :       16   131072    907910 
	   Memory (MB)          :        0      128      1960 

	Job terminated of its own accord at 2023-01-08T04:50:48Z with exit-code 0.
...
000 (811.000.000) 2023-01-08 04:50:58 Job submitted from host: <172.31.2.92:9618?addrs=172.31.2.92-9618&alias=ip-172-31-2-92.ec2.internal&noUDP&sock=schedd_521_f0ee>
    DAG Node: prediction:0
...
001 (811.000.000) 2023-01-08 04:50:59 Job executing on host: <172.31.11.242:9618?addrs=172.31.11.242-9618&alias=ip-172-31-11-242.ec2.internal&noUDP&sock=startd_516_82f5>
...
005 (811.000.000) 2023-01-08 04:51:00 Job terminated.
	(1) Normal termination (return value 0)
		Usr 0 00:00:01, Sys 0 00:00:00  -  Run Remote Usage
		Usr 0 00:00:00, Sys 0 00:00:00  -  Run Local Usage
		Usr 0 00:00:01, Sys 0 00:00:00  -  Total Remote Usage
		Usr 0 00:00:00, Sys 0 00:00:00  -  Total Local Usage
	14802  -  Run Bytes Sent By Job
	927  -  Run Bytes Received By Job
	14802  -  Total Bytes Sent By Job
	927  -  Total Bytes Received By Job
	Partitionable Resources :    Usage  Request Allocated 
	   Cpus                 :                 1         1 
	   Disk (KB)            :       25   131072    907910 
	   Memory (MB)          :        0      128      1960 

	Job terminated of its own accord at 2023-01-08T04:51:00Z with exit-code 0.
...
000 (814.000.000) 2023-01-08 04:51:08 Job submitted from host: <172.31.2.92:9618?addrs=172.31.2.92-9618&alias=ip-172-31-2-92.ec2.internal&noUDP&sock=schedd_521_f0ee>
    DAG Node: save_db:0
...
000 (815.000.000) 2023-01-08 04:51:08 Job submitted from host: <172.31.2.92:9618?addrs=172.31.2.92-9618&alias=ip-172-31-2-92.ec2.internal&noUDP&sock=schedd_521_f0ee>
    DAG Node: send_email:0
...
001 (814.000.000) 2023-01-08 04:51:09 Job executing on host: <172.31.11.242:9618?addrs=172.31.11.242-9618&alias=ip-172-31-11-242.ec2.internal&noUDP&sock=startd_516_82f5>
...
001 (815.000.000) 2023-01-08 04:51:09 Job executing on host: <172.31.11.242:9618?addrs=172.31.11.242-9618&alias=ip-172-31-11-242.ec2.internal&noUDP&sock=startd_516_82f5>
...
005 (815.000.000) 2023-01-08 04:51:10 Job terminated.
	(1) Normal termination (return value 0)
		Usr 0 00:00:00, Sys 0 00:00:00  -  Run Remote Usage
		Usr 0 00:00:00, Sys 0 00:00:00  -  Run Local Usage
		Usr 0 00:00:00, Sys 0 00:00:00  -  Total Remote Usage
		Usr 0 00:00:00, Sys 0 00:00:00  -  Total Local Usage
	0  -  Run Bytes Sent By Job
	1583  -  Run Bytes Received By Job
	0  -  Total Bytes Sent By Job
	1583  -  Total Bytes Received By Job
	Partitionable Resources :    Usage  Request Allocated 
	   Cpus                 :                 1         1 
	   Disk (KB)            :       11   131072    907910 
	   Memory (MB)          :        0      128      1960 

	Job terminated of its own accord at 2023-01-08T04:51:10Z with exit-code 0.
...
005 (814.000.000) 2023-01-08 04:51:11 Job terminated.
	(1) Normal termination (return value 0)
		Usr 0 00:00:00, Sys 0 00:00:00  -  Run Remote Usage
		Usr 0 00:00:00, Sys 0 00:00:00  -  Run Local Usage
		Usr 0 00:00:00, Sys 0 00:00:00  -  Total Remote Usage
		Usr 0 00:00:00, Sys 0 00:00:00  -  Total Local Usage
	0  -  Run Bytes Sent By Job
	847  -  Run Bytes Received By Job
	0  -  Total Bytes Sent By Job
	847  -  Total Bytes Received By Job
	Partitionable Resources :    Usage  Request Allocated 
	   Cpus                 :                 1         1 
	   Disk (KB)            :       11   131072    907910 
	   Memory (MB)          :        0      128      1960 

	Job terminated of its own accord at 2023-01-08T04:51:11Z with exit-code 0.
...
