000 (808.000.000) 2023-01-08 04:50:33 Job submitted from host: <172.31.2.92:9618?addrs=172.31.2.92-9618&alias=ip-172-31-2-92.ec2.internal&noUDP&sock=schedd_521_f0ee>
    DAG Node: data_preprocessing:0
...
040 (808.000.000) 2023-01-08 04:50:46 Started transferring input files
	Transferring to host: <172.31.11.242:9618?addrs=172.31.11.242-9618&alias=ip-172-31-11-242.ec2.internal&noUDP&sock=slot1_729_6577_66>
...
040 (808.000.000) 2023-01-08 04:50:46 Finished transferring input files
...
001 (808.000.000) 2023-01-08 04:50:47 Job executing on host: <172.31.11.242:9618?addrs=172.31.11.242-9618&alias=ip-172-31-11-242.ec2.internal&noUDP&sock=startd_516_82f5>
...
006 (808.000.000) 2023-01-08 04:50:48 Image size of job updated: 20156
	0  -  MemoryUsage of job (MB)
	0  -  ResidentSetSize of job (KB)
...
040 (808.000.000) 2023-01-08 04:50:48 Started transferring output files
...
040 (808.000.000) 2023-01-08 04:50:48 Finished transferring output files
...
005 (808.000.000) 2023-01-08 04:50:48 Job terminated.
	(1) Normal termination (return value 0)
		Usr 0 00:00:00, Sys 0 00:00:00  -  Run Remote Usage
		Usr 0 00:00:00, Sys 0 00:00:00  -  Run Local Usage
		Usr 0 00:00:00, Sys 0 00:00:00  -  Total Remote Usage
		Usr 0 00:00:00, Sys 0 00:00:00  -  Total Local Usage
	3923  -  Run Bytes Sent By Job
	2928  -  Run Bytes Received By Job
	3923  -  Total Bytes Sent By Job
	2928  -  Total Bytes Received By Job
	Partitionable Resources :    Usage  Request Allocated 
	   Cpus                 :                 1         1 
	   Disk (KB)            :       16   131072    907910 
	   Memory (MB)          :        0      128      1960 

	Job terminated of its own accord at 2023-01-08T04:50:48Z with exit-code 0.
...
