01/08/23 04:50:32 ******************************************************
01/08/23 04:50:32 ** condor_scheduniv_exec.806.0 (CONDOR_DAGMAN) STARTING UP
01/08/23 04:50:32 ** /usr/bin/condor_dagman
01/08/23 04:50:32 ** SubsystemInfo: name=DAGMAN type=DAGMAN(9) class=CLIENT(2)
01/08/23 04:50:32 ** Configuration: subsystem:DAGMAN local:<NONE> class:CLIENT
01/08/23 04:50:32 ** $CondorVersion: 9.12.0 2022-10-05 BuildID: 608474 PackageID: 9.12.0-1.1 $
01/08/23 04:50:32 ** $CondorPlatform: X86_64-Ubuntu_20.04 $
01/08/23 04:50:32 ** PID = 6478
01/08/23 04:50:32 ** Log last touched time unavailable (No such file or directory)
01/08/23 04:50:32 ******************************************************
01/08/23 04:50:32 Using config source: /etc/condor/condor_config
01/08/23 04:50:32 Using local config sources: 
01/08/23 04:50:32    /etc/condor/config.d/01-submit.config
01/08/23 04:50:32    /etc/condor/condor_config.local
01/08/23 04:50:32 config Macros = 75, Sorted = 75, StringBytes = 2073, TablesBytes = 2748
01/08/23 04:50:32 CLASSAD_CACHING is ENABLED
01/08/23 04:50:32 Daemon Log is logging: D_ALWAYS D_ERROR D_STATUS
01/08/23 04:50:32 DaemonCore: No command port requested.
01/08/23 04:50:32 DAGMAN_USE_STRICT setting: 1
01/08/23 04:50:32 DAGMAN_VERBOSITY setting: 3
01/08/23 04:50:32 DAGMAN_DEBUG_CACHE_SIZE setting: 5242880
01/08/23 04:50:32 DAGMAN_DEBUG_CACHE_ENABLE setting: False
01/08/23 04:50:32 DAGMAN_SUBMIT_DELAY setting: 0
01/08/23 04:50:32 DAGMAN_MAX_SUBMIT_ATTEMPTS setting: 6
01/08/23 04:50:32 DAGMAN_STARTUP_CYCLE_DETECT setting: False
01/08/23 04:50:32 DAGMAN_MAX_SUBMITS_PER_INTERVAL setting: 100
01/08/23 04:50:32 DAGMAN_AGGRESSIVE_SUBMIT setting: False
01/08/23 04:50:32 DAGMAN_USER_LOG_SCAN_INTERVAL setting: 5
01/08/23 04:50:32 DAGMAN_QUEUE_UPDATE_INTERVAL setting: 300
01/08/23 04:50:32 DAGMAN_DEFAULT_PRIORITY setting: 0
01/08/23 04:50:32 DAGMAN_SUPPRESS_NOTIFICATION setting: True
01/08/23 04:50:32 allow_events (DAGMAN_ALLOW_EVENTS) setting: 114
01/08/23 04:50:32 DAGMAN_RETRY_SUBMIT_FIRST setting: True
01/08/23 04:50:32 DAGMAN_RETRY_NODE_FIRST setting: False
01/08/23 04:50:32 DAGMAN_MAX_JOBS_IDLE setting: 1000
01/08/23 04:50:32 DAGMAN_MAX_JOBS_SUBMITTED setting: 0
01/08/23 04:50:32 DAGMAN_MAX_PRE_SCRIPTS setting: 20
01/08/23 04:50:32 DAGMAN_MAX_POST_SCRIPTS setting: 20
01/08/23 04:50:32 DAGMAN_MAX_HOLD_SCRIPTS setting: 20
01/08/23 04:50:32 DAGMAN_MUNGE_NODE_NAMES setting: True
01/08/23 04:50:32 DAGMAN_PROHIBIT_MULTI_JOBS setting: False
01/08/23 04:50:32 DAGMAN_SUBMIT_DEPTH_FIRST setting: False
01/08/23 04:50:32 DAGMAN_ALWAYS_RUN_POST setting: False
01/08/23 04:50:32 DAGMAN_CONDOR_SUBMIT_EXE setting: /usr/bin/condor_submit
01/08/23 04:50:32 DAGMAN_USE_DIRECT_SUBMIT setting: True
01/08/23 04:50:32 DAGMAN_DEFAULT_APPEND_VARS setting: False
01/08/23 04:50:32 DAGMAN_ABORT_DUPLICATES setting: True
01/08/23 04:50:32 DAGMAN_ABORT_ON_SCARY_SUBMIT setting: True
01/08/23 04:50:32 DAGMAN_PENDING_REPORT_INTERVAL setting: 600
01/08/23 04:50:32 DAGMAN_AUTO_RESCUE setting: True
01/08/23 04:50:32 DAGMAN_MAX_RESCUE_NUM setting: 100
01/08/23 04:50:32 DAGMAN_WRITE_PARTIAL_RESCUE setting: True
01/08/23 04:50:32 DAGMAN_DEFAULT_NODE_LOG setting: @(DAG_DIR)/@(DAG_FILE).nodes.log
01/08/23 04:50:32 DAGMAN_GENERATE_SUBDAG_SUBMITS setting: True
01/08/23 04:50:32 DAGMAN_MAX_JOB_HOLDS setting: 100
01/08/23 04:50:32 DAGMAN_HOLD_CLAIM_TIME setting: 20
01/08/23 04:50:32 ALL_DEBUG setting: 
01/08/23 04:50:32 DAGMAN_DEBUG setting: 
01/08/23 04:50:32 DAGMAN_SUPPRESS_JOB_LOGS setting: False
01/08/23 04:50:32 DAGMAN_REMOVE_NODE_JOBS setting: True
01/08/23 04:50:32 DAGMAN will adjust edges after parsing
01/08/23 04:50:32 argv[0] == "condor_scheduniv_exec.806.0"
01/08/23 04:50:32 argv[1] == "-Lockfile"
01/08/23 04:50:32 argv[2] == "/home/ubuntu/src/runs/user_125031_051854_20230108/dagfile.dag.lock"
01/08/23 04:50:32 argv[3] == "-AutoRescue"
01/08/23 04:50:32 argv[4] == "1"
01/08/23 04:50:32 argv[5] == "-DoRescueFrom"
01/08/23 04:50:32 argv[6] == "0"
01/08/23 04:50:32 argv[7] == "-Dag"
01/08/23 04:50:32 argv[8] == "/home/ubuntu/src/runs/user_125031_051854_20230108/dagfile.dag"
01/08/23 04:50:32 argv[9] == "-Suppress_notification"
01/08/23 04:50:32 argv[10] == "-CsdVersion"
01/08/23 04:50:32 argv[11] == "$CondorVersion: 9.1.3 Aug 19 2021 BuildID: UW_Python_Wheel_Build $"
01/08/23 04:50:32 argv[12] == "-Dagman"
01/08/23 04:50:32 argv[13] == "/usr/bin/condor_dagman"
01/08/23 04:50:32 Can't open directory "/etc/condor/passwords.d" as PRIV_ROOT, errno: 13 (Permission denied)
01/08/23 04:50:32 Can't open directory "/etc/condor/passwords.d" as PRIV_ROOT, errno: 13 (Permission denied)
01/08/23 04:50:32 TOKEN: No token found.
01/08/23 04:50:32 Workflow batch-id: <806.0>
01/08/23 04:50:32 Workflow batch-name: <dagfile.dag+806>
01/08/23 04:50:32 Workflow accounting_group: <>
01/08/23 04:50:32 Workflow accounting_group_user: <>
01/08/23 04:50:32 Warning: failed to get attribute DAGNodeName
01/08/23 04:50:32 DAGMAN_LOG_ON_NFS_IS_ERROR setting: False
01/08/23 04:50:32 Default node log file is: </home/ubuntu/src/runs/user_125031_051854_20230108/dagfile.dag.nodes.log>
01/08/23 04:50:32 Note: the version ($CondorVersion: 9.1.3 Aug 19 2021 BuildID: UW_Python_Wheel_Build $) of this DAG's HTCondor submit file (created by condor_submit_dag) differs from condor_dagman version ($CondorVersion: 9.12.0 2022-10-05 BuildID: 608474 PackageID: 9.12.0-1.1 $), but the difference is permissible
01/08/23 04:50:32 DAG Lockfile will be written to /home/ubuntu/src/runs/user_125031_051854_20230108/dagfile.dag.lock
01/08/23 04:50:32 DAG Input file is /home/ubuntu/src/runs/user_125031_051854_20230108/dagfile.dag
01/08/23 04:50:32 Parsing 1 dagfiles
01/08/23 04:50:32 Parsing /home/ubuntu/src/runs/user_125031_051854_20230108/dagfile.dag ...
01/08/23 04:50:32 Adjusting edges
01/08/23 04:50:32 Dag contains 4 total jobs
01/08/23 04:50:32 Bootstrapping...
01/08/23 04:50:32 Number of pre-completed nodes: 0
01/08/23 04:50:32 MultiLogFiles: truncating log file /home/ubuntu/src/runs/user_125031_051854_20230108/dagfile.dag.nodes.log
01/08/23 04:50:32 DAG status: 0 (DAG_STATUS_OK)
01/08/23 04:50:32 Of 4 nodes total:
01/08/23 04:50:32  Done     Pre   Queued    Post   Ready   Un-Ready   Failed
01/08/23 04:50:32   ===     ===      ===     ===     ===        ===      ===
01/08/23 04:50:32     0       0        0       0       1          3        0
01/08/23 04:50:32 0 job proc(s) currently held
01/08/23 04:50:32 DAGMan Runtime Statistics: [ EventCycleTimeCount = 0.0; EventCycleTimeSum = 0.0; LogProcessCycleTimeCount = 0.0; LogProcessCycleTimeSum = 0.0; SleepCycleTimeCount = 0.0; SleepCycleTimeSum = 0.0; SubmitCycleTimeCount = 0.0; SubmitCycleTimeSum = 0.0; ]
01/08/23 04:50:32 Registering condor_event_timer...
01/08/23 04:50:33 Submitting HTCondor Node data_preprocessing:0 job(s)...
01/08/23 04:50:33 Submitting node data_preprocessing:0 from file data_preprocessing.sub using direct job submission
01/08/23 04:50:33 	assigned HTCondor ID (808.0.0)
01/08/23 04:50:33 Just submitted 1 job this cycle...
01/08/23 04:50:33 DAG status: 0 (DAG_STATUS_OK)
01/08/23 04:50:33 Of 4 nodes total:
01/08/23 04:50:33  Done     Pre   Queued    Post   Ready   Un-Ready   Failed
01/08/23 04:50:33   ===     ===      ===     ===     ===        ===      ===
01/08/23 04:50:33     0       0        1       0       0          3        0
01/08/23 04:50:33 0 job proc(s) currently held
01/08/23 04:50:33 DAGMan Runtime Statistics: [ EventCycleTimeCount = 0.0; EventCycleTimeSum = 0.0; LogProcessCycleTimeCount = 0.0; LogProcessCycleTimeSum = 0.0; SleepCycleTimeCount = 0.0; SleepCycleTimeSum = 0.0; SubmitCycleTimeAvg = 0.01906514167785645; SubmitCycleTimeCount = 1.0; SubmitCycleTimeMax = 0.01906514167785645; SubmitCycleTimeMin = 0.01906514167785645; SubmitCycleTimeStd = 0.01906514167785645; SubmitCycleTimeSum = 0.01906514167785645; ]
01/08/23 04:50:38 Currently monitoring 1 HTCondor log file(s)
01/08/23 04:50:38 Reassigning the id of job data_preprocessing:0 from (808.0.0) to (808.0.0)
01/08/23 04:50:38 Event: ULOG_SUBMIT for HTCondor Node data_preprocessing:0 (808.0.0) {01/08/23 04:50:33}
01/08/23 04:50:38 Number of idle job procs: 1
01/08/23 04:50:48 Currently monitoring 1 HTCondor log file(s)
01/08/23 04:50:48 Event: ULOG_EXECUTE for HTCondor Node data_preprocessing:0 (808.0.0) {01/08/23 04:50:47}
01/08/23 04:50:48 Number of idle job procs: 0
01/08/23 04:50:53 Currently monitoring 1 HTCondor log file(s)
01/08/23 04:50:53 Event: ULOG_JOB_TERMINATED for HTCondor Node data_preprocessing:0 (808.0.0) {01/08/23 04:50:48}
01/08/23 04:50:53 Number of idle job procs: 0
01/08/23 04:50:53 Node data_preprocessing:0 job proc (808.0.0) completed successfully.
01/08/23 04:50:53 Node data_preprocessing:0 job completed
01/08/23 04:50:53 DAG status: 0 (DAG_STATUS_OK)
01/08/23 04:50:53 Of 4 nodes total:
01/08/23 04:50:53  Done     Pre   Queued    Post   Ready   Un-Ready   Failed
01/08/23 04:50:53   ===     ===      ===     ===     ===        ===      ===
01/08/23 04:50:53     1       0        0       0       1          2        0
01/08/23 04:50:53 0 job proc(s) currently held
01/08/23 04:50:53 DAGMan Runtime Statistics: [ EventCycleTimeAvg = 0.005155503749847412; EventCycleTimeCount = 4.0; EventCycleTimeMax = 0.01920104026794434; EventCycleTimeMin = 2.384185791015625E-05; EventCycleTimeStd = 0.009379098236340873; EventCycleTimeSum = 0.02062201499938965; LogProcessCycleTimeAvg = 0.0005236466725667318; LogProcessCycleTimeCount = 3.0; LogProcessCycleTimeMax = 0.001203060150146484; LogProcessCycleTimeMin = 0.00014495849609375; LogProcessCycleTimeStd = 0.0005896791989053044; LogProcessCycleTimeSum = 0.001570940017700195; SleepCycleTimeAvg = 5.005167245864868; SleepCycleTimeCount = 4.0; SleepCycleTimeMax = 5.005243062973022; SleepCycleTimeMin = 5.005136966705322; SleepCycleTimeStd = 5.066941736656595E-05; SleepCycleTimeSum = 20.02066898345947; SubmitCycleTimeAvg = 0.003823471069335937; SubmitCycleTimeCount = 5.0; SubmitCycleTimeMax = 0.01906514167785645; SubmitCycleTimeMin = 1.192092895507812E-05; SubmitCycleTimeStd = 0.00852035295349694; SubmitCycleTimeSum = 0.01911735534667969; ]
01/08/23 04:50:58 Submitting HTCondor Node prediction:0 job(s)...
01/08/23 04:50:58 Submitting node prediction:0 from file prediction.sub using direct job submission
01/08/23 04:50:58 	assigned HTCondor ID (811.0.0)
01/08/23 04:50:58 Just submitted 1 job this cycle...
01/08/23 04:50:58 DAG status: 0 (DAG_STATUS_OK)
01/08/23 04:50:58 Of 4 nodes total:
01/08/23 04:50:58  Done     Pre   Queued    Post   Ready   Un-Ready   Failed
01/08/23 04:50:58   ===     ===      ===     ===     ===        ===      ===
01/08/23 04:50:58     1       0        1       0       0          2        0
01/08/23 04:50:58 0 job proc(s) currently held
01/08/23 04:50:58 DAGMan Runtime Statistics: [ EventCycleTimeAvg = 0.004204797744750977; EventCycleTimeCount = 5.0; EventCycleTimeMax = 0.01920104026794434; EventCycleTimeMin = 2.384185791015625E-05; EventCycleTimeStd = 0.008396119480797751; EventCycleTimeSum = 0.02102398872375488; LogProcessCycleTimeAvg = 0.0005236466725667318; LogProcessCycleTimeCount = 3.0; LogProcessCycleTimeMax = 0.001203060150146484; LogProcessCycleTimeMin = 0.00014495849609375; LogProcessCycleTimeStd = 0.0005896791989053044; LogProcessCycleTimeSum = 0.001570940017700195; SleepCycleTimeAvg = 5.005164241790771; SleepCycleTimeCount = 5.0; SleepCycleTimeMax = 5.005243062973022; SleepCycleTimeMin = 5.005136966705322; SleepCycleTimeStd = 4.439217733604521E-05; SleepCycleTimeSum = 25.02582120895386; SubmitCycleTimeAvg = 0.007628719011942546; SubmitCycleTimeCount = 6.0; SubmitCycleTimeMax = 0.02665495872497559; SubmitCycleTimeMin = 1.192092895507812E-05; SubmitCycleTimeStd = 0.01203979248118514; SubmitCycleTimeSum = 0.04577231407165527; ]
01/08/23 04:51:03 Currently monitoring 1 HTCondor log file(s)
01/08/23 04:51:03 Reassigning the id of job prediction:0 from (811.0.0) to (811.0.0)
01/08/23 04:51:03 Event: ULOG_SUBMIT for HTCondor Node prediction:0 (811.0.0) {01/08/23 04:50:58}
01/08/23 04:51:03 Number of idle job procs: 1
01/08/23 04:51:03 Event: ULOG_EXECUTE for HTCondor Node prediction:0 (811.0.0) {01/08/23 04:50:59}
01/08/23 04:51:03 Number of idle job procs: 0
01/08/23 04:51:03 Event: ULOG_JOB_TERMINATED for HTCondor Node prediction:0 (811.0.0) {01/08/23 04:51:00}
01/08/23 04:51:03 Number of idle job procs: 0
01/08/23 04:51:03 Node prediction:0 job proc (811.0.0) completed successfully.
01/08/23 04:51:03 Node prediction:0 job completed
01/08/23 04:51:03 DAG status: 0 (DAG_STATUS_OK)
01/08/23 04:51:03 Of 4 nodes total:
01/08/23 04:51:03  Done     Pre   Queued    Post   Ready   Un-Ready   Failed
01/08/23 04:51:03   ===     ===      ===     ===     ===        ===      ===
01/08/23 04:51:03     2       0        0       0       2          0        0
01/08/23 04:51:03 0 job proc(s) currently held
01/08/23 04:51:03 DAGMan Runtime Statistics: [ EventCycleTimeAvg = 0.007972995440165201; EventCycleTimeCount = 6.0; EventCycleTimeMax = 0.02681398391723633; EventCycleTimeMin = 2.384185791015625E-05; EventCycleTimeStd = 0.0118992327945551; EventCycleTimeSum = 0.04783797264099121; LogProcessCycleTimeAvg = 0.0004707574844360352; LogProcessCycleTimeCount = 4.0; LogProcessCycleTimeMax = 0.001203060150146484; LogProcessCycleTimeMin = 0.00014495849609375; LogProcessCycleTimeStd = 0.0004929537875219454; LogProcessCycleTimeSum = 0.001883029937744141; SleepCycleTimeAvg = 5.004685680071513; SleepCycleTimeCount = 6.0; SleepCycleTimeMax = 5.005243062973022; SleepCycleTimeMin = 5.00229287147522; SleepCycleTimeStd = 0.001172904276915873; SleepCycleTimeSum = 30.02811408042908; SubmitCycleTimeAvg = 0.006540196282523019; SubmitCycleTimeCount = 7.0; SubmitCycleTimeMax = 0.02665495872497559; SubmitCycleTimeMin = 9.059906005859375E-06; SubmitCycleTimeStd = 0.01136183705593315; SubmitCycleTimeSum = 0.04578137397766113; ]
01/08/23 04:51:08 Submitting HTCondor Node save_db:0 job(s)...
01/08/23 04:51:08 Submitting node save_db:0 from file save_db.sub using direct job submission
01/08/23 04:51:08 	assigned HTCondor ID (814.0.0)
01/08/23 04:51:08 Submitting HTCondor Node send_email:0 job(s)...
01/08/23 04:51:08 Submitting node send_email:0 from file send_email.sub using direct job submission
01/08/23 04:51:08 	assigned HTCondor ID (815.0.0)
01/08/23 04:51:08 Just submitted 2 jobs this cycle...
01/08/23 04:51:08 DAG status: 0 (DAG_STATUS_OK)
01/08/23 04:51:08 Of 4 nodes total:
01/08/23 04:51:08  Done     Pre   Queued    Post   Ready   Un-Ready   Failed
01/08/23 04:51:08   ===     ===      ===     ===     ===        ===      ===
01/08/23 04:51:08     2       0        2       0       0          0        0
01/08/23 04:51:08 0 job proc(s) currently held
01/08/23 04:51:08 DAGMan Runtime Statistics: [ EventCycleTimeAvg = 0.006897994450160435; EventCycleTimeCount = 7.0; EventCycleTimeMax = 0.02681398391723633; EventCycleTimeMin = 2.384185791015625E-05; EventCycleTimeStd = 0.01122864673422811; EventCycleTimeSum = 0.04828596115112305; LogProcessCycleTimeAvg = 0.0004707574844360352; LogProcessCycleTimeCount = 4.0; LogProcessCycleTimeMax = 0.001203060150146484; LogProcessCycleTimeMin = 0.00014495849609375; LogProcessCycleTimeStd = 0.0004929537875219454; LogProcessCycleTimeSum = 0.001883029937744141; SleepCycleTimeAvg = 5.004751886640276; SleepCycleTimeCount = 7.0; SleepCycleTimeMax = 5.005243062973022; SleepCycleTimeMin = 5.00229287147522; SleepCycleTimeStd = 0.001084944024829231; SleepCycleTimeSum = 35.03326320648193; SubmitCycleTimeAvg = 0.008429527282714844; SubmitCycleTimeCount = 8.0; SubmitCycleTimeMax = 0.02665495872497559; SubmitCycleTimeMin = 9.059906005859375E-06; SubmitCycleTimeStd = 0.01179857169865102; SubmitCycleTimeSum = 0.06743621826171875; ]
01/08/23 04:51:13 Currently monitoring 1 HTCondor log file(s)
01/08/23 04:51:13 Reassigning the id of job save_db:0 from (814.0.0) to (814.0.0)
01/08/23 04:51:13 Event: ULOG_SUBMIT for HTCondor Node save_db:0 (814.0.0) {01/08/23 04:51:08}
01/08/23 04:51:13 Number of idle job procs: 1
01/08/23 04:51:13 Reassigning the id of job send_email:0 from (815.0.0) to (815.0.0)
01/08/23 04:51:13 Event: ULOG_SUBMIT for HTCondor Node send_email:0 (815.0.0) {01/08/23 04:51:08}
01/08/23 04:51:13 Number of idle job procs: 2
01/08/23 04:51:13 Event: ULOG_EXECUTE for HTCondor Node save_db:0 (814.0.0) {01/08/23 04:51:09}
01/08/23 04:51:13 Number of idle job procs: 1
01/08/23 04:51:13 Event: ULOG_EXECUTE for HTCondor Node send_email:0 (815.0.0) {01/08/23 04:51:09}
01/08/23 04:51:13 Number of idle job procs: 0
01/08/23 04:51:13 Event: ULOG_JOB_TERMINATED for HTCondor Node send_email:0 (815.0.0) {01/08/23 04:51:10}
01/08/23 04:51:13 Number of idle job procs: 0
01/08/23 04:51:13 Node send_email:0 job proc (815.0.0) completed successfully.
01/08/23 04:51:13 Node send_email:0 job completed
01/08/23 04:51:13 Event: ULOG_JOB_TERMINATED for HTCondor Node save_db:0 (814.0.0) {01/08/23 04:51:11}
01/08/23 04:51:13 Number of idle job procs: 0
01/08/23 04:51:13 Node save_db:0 job proc (814.0.0) completed successfully.
01/08/23 04:51:13 Node save_db:0 job completed
01/08/23 04:51:13 DAG status: 0 (DAG_STATUS_OK)
01/08/23 04:51:13 Of 4 nodes total:
01/08/23 04:51:13  Done     Pre   Queued    Post   Ready   Un-Ready   Failed
01/08/23 04:51:13   ===     ===      ===     ===     ===        ===      ===
01/08/23 04:51:13     4       0        0       0       0          0        0
01/08/23 04:51:13 0 job proc(s) currently held
01/08/23 04:51:13 DAGMan Runtime Statistics: [ EventCycleTimeAvg = 0.008763611316680908; EventCycleTimeCount = 8.0; EventCycleTimeMax = 0.02681398391723633; EventCycleTimeMin = 2.384185791015625E-05; EventCycleTimeStd = 0.01165825591759338; EventCycleTimeSum = 0.07010889053344727; LogProcessCycleTimeAvg = 0.0004668235778808594; LogProcessCycleTimeCount = 5.0; LogProcessCycleTimeMax = 0.001203060150146484; LogProcessCycleTimeMin = 0.00014495849609375; LogProcessCycleTimeStd = 0.0004270011189424423; LogProcessCycleTimeSum = 0.002334117889404297; SleepCycleTimeAvg = 5.004803031682968; SleepCycleTimeCount = 8.0; SleepCycleTimeMax = 5.005243062973022; SleepCycleTimeMin = 5.00229287147522; SleepCycleTimeStd = 0.001014826298397357; SleepCycleTimeSum = 40.03842425346375; SubmitCycleTimeAvg = 0.007494343651665581; SubmitCycleTimeCount = 9.0; SubmitCycleTimeMax = 0.02665495872497559; SubmitCycleTimeMin = 9.059906005859375E-06; SubmitCycleTimeStd = 0.01138756440931181; SubmitCycleTimeSum = 0.06744909286499023; ]
01/08/23 04:51:13 All jobs Completed!
01/08/23 04:51:13 Note: 0 total job deferrals because of -MaxJobs limit (0)
01/08/23 04:51:13 Note: 0 total job deferrals because of -MaxIdle limit (1000)
01/08/23 04:51:13 Note: 0 total job deferrals because of node category throttles
01/08/23 04:51:13 Note: 0 total PRE script deferrals because of -MaxPre limit (20) or DEFER
01/08/23 04:51:13 Note: 0 total POST script deferrals because of -MaxPost limit (20) or DEFER
01/08/23 04:51:13 Note: 0 total HOLD script deferrals because of -MaxHold limit (20) or DEFER
01/08/23 04:51:13 DAG status: 0 (DAG_STATUS_OK)
01/08/23 04:51:13 Of 4 nodes total:
01/08/23 04:51:13  Done     Pre   Queued    Post   Ready   Un-Ready   Failed
01/08/23 04:51:13   ===     ===      ===     ===     ===        ===      ===
01/08/23 04:51:13     4       0        0       0       0          0        0
01/08/23 04:51:13 0 job proc(s) currently held
01/08/23 04:51:13 DAGMan Runtime Statistics: [ EventCycleTimeAvg = 0.008763611316680908; EventCycleTimeCount = 8.0; EventCycleTimeMax = 0.02681398391723633; EventCycleTimeMin = 2.384185791015625E-05; EventCycleTimeStd = 0.01165825591759338; EventCycleTimeSum = 0.07010889053344727; LogProcessCycleTimeAvg = 0.0004668235778808594; LogProcessCycleTimeCount = 5.0; LogProcessCycleTimeMax = 0.001203060150146484; LogProcessCycleTimeMin = 0.00014495849609375; LogProcessCycleTimeStd = 0.0004270011189424423; LogProcessCycleTimeSum = 0.002334117889404297; SleepCycleTimeAvg = 5.004803031682968; SleepCycleTimeCount = 8.0; SleepCycleTimeMax = 5.005243062973022; SleepCycleTimeMin = 5.00229287147522; SleepCycleTimeStd = 0.001014826298397357; SleepCycleTimeSum = 40.03842425346375; SubmitCycleTimeAvg = 0.007494343651665581; SubmitCycleTimeCount = 9.0; SubmitCycleTimeMax = 0.02665495872497559; SubmitCycleTimeMin = 9.059906005859375E-06; SubmitCycleTimeStd = 0.01138756440931181; SubmitCycleTimeSum = 0.06744909286499023; ]
01/08/23 04:51:13 Wrote metrics file /home/ubuntu/src/runs/user_125031_051854_20230108/dagfile.dag.metrics.
01/08/23 04:51:13 DAGMan Runtime Statistics: [ EventCycleTimeAvg = 0.008763611316680908; EventCycleTimeCount = 8.0; EventCycleTimeMax = 0.02681398391723633; EventCycleTimeMin = 2.384185791015625E-05; EventCycleTimeStd = 0.01165825591759338; EventCycleTimeSum = 0.07010889053344727; LogProcessCycleTimeAvg = 0.0004668235778808594; LogProcessCycleTimeCount = 5.0; LogProcessCycleTimeMax = 0.001203060150146484; LogProcessCycleTimeMin = 0.00014495849609375; LogProcessCycleTimeStd = 0.0004270011189424423; LogProcessCycleTimeSum = 0.002334117889404297; SleepCycleTimeAvg = 5.004803031682968; SleepCycleTimeCount = 8.0; SleepCycleTimeMax = 5.005243062973022; SleepCycleTimeMin = 5.00229287147522; SleepCycleTimeStd = 0.001014826298397357; SleepCycleTimeSum = 40.03842425346375; SubmitCycleTimeAvg = 0.007494343651665581; SubmitCycleTimeCount = 9.0; SubmitCycleTimeMax = 0.02665495872497559; SubmitCycleTimeMin = 9.059906005859375E-06; SubmitCycleTimeStd = 0.01138756440931181; SubmitCycleTimeSum = 0.06744909286499023; ]
01/08/23 04:51:13 **** condor_scheduniv_exec.806.0 (condor_DAGMAN) pid 6478 EXITING WITH STATUS 0
