000 (811.000.000) 2023-01-08 04:50:58 Job submitted from host: <172.31.2.92:9618?addrs=172.31.2.92-9618&alias=ip-172-31-2-92.ec2.internal&noUDP&sock=schedd_521_f0ee>
    DAG Node: prediction:0
...
040 (811.000.000) 2023-01-08 04:50:58 Started transferring input files
	Transferring to host: <172.31.11.242:9618?addrs=172.31.11.242-9618&alias=ip-172-31-11-242.ec2.internal&noUDP&sock=slot1_729_6577_69>
...
040 (811.000.000) 2023-01-08 04:50:58 Finished transferring input files
...
001 (811.000.000) 2023-01-08 04:50:59 Job executing on host: <172.31.11.242:9618?addrs=172.31.11.242-9618&alias=ip-172-31-11-242.ec2.internal&noUDP&sock=startd_516_82f5>
...
006 (811.000.000) 2023-01-08 04:51:00 Image size of job updated: 383960
	0  -  MemoryUsage of job (MB)
	0  -  ResidentSetSize of job (KB)
...
040 (811.000.000) 2023-01-08 04:51:00 Started transferring output files
...
040 (811.000.000) 2023-01-08 04:51:00 Finished transferring output files
...
005 (811.000.000) 2023-01-08 04:51:00 Job terminated.
	(1) Normal termination (return value 0)
		Usr 0 00:00:01, Sys 0 00:00:00  -  Run Remote Usage
		Usr 0 00:00:00, Sys 0 00:00:00  -  Run Local Usage
		Usr 0 00:00:01, Sys 0 00:00:00  -  Total Remote Usage
		Usr 0 00:00:00, Sys 0 00:00:00  -  Total Local Usage
	14802  -  Run Bytes Sent By Job
	927  -  Run Bytes Received By Job
	14802  -  Total Bytes Sent By Job
	927  -  Total Bytes Received By Job
	Partitionable Resources :    Usage  Request Allocated 
	   Cpus                 :                 1         1 
	   Disk (KB)            :       25   131072    907910 
	   Memory (MB)          :        0      128      1960 

	Job terminated of its own accord at 2023-01-08T04:51:00Z with exit-code 0.
...
